Drill report for smart_power_socket-54x54x1.6mm_3Cu.kicad_pcb
Created on 4/3/2023 11:39:23 AM

Copper Layer Stackup:
    =============================================================
    L1 :  F.Cu                      front
    L2 :  B.Cu                      back


Drill file 'smart_power_socket-54x54x1.6mm_3Cu-PTH.drl' contains
    plated through holes:
    =============================================================
    T1  0.400mm  0.0157"  (88 holes)
    T2  0.600mm  0.0236"  (2 holes)
    T3  1.000mm  0.0394"  (12 holes)
    T4  1.010mm  0.0398"  (2 holes)
    T5  1.100mm  0.0433"  (3 holes)
    T6  1.300mm  0.0512"  (3 holes)
    T7  1.829mm  0.0720"  (4 holes)

    Total plated holes count 114


Drill file 'smart_power_socket-54x54x1.6mm_3Cu-NPTH.drl' contains
    unplated through holes:
    =============================================================

    Total unplated holes count 0
